<?xml version="1.0" encoding="UTF-8"?>
<!-- Generated by org.testng.reporters.JUnitReportReporter -->
<testsuite skipped="8" hostname="TSPL-DEV209B" name="TestCases.V3_VDP_New_Inventory" tests="9" failures="0" timestamp="2020-01-16T11:21:15 IST" time="6.062" errors="1">
  <testcase name="Verify_Button_Presence_All" time="0.000" classname="TestCases.V3_VDP_New_Inventory">
    <skipped/>
  </testcase> <!-- Verify_Button_Presence_All -->
  <testcase name="Verify_Button_Presence_All" time="0.000" classname="TestCases.V3_VDP_New_Inventory">
    <skipped/>
  </testcase> <!-- Verify_Button_Presence_All -->
  <testcase name="Verify_Button_Presence_All" time="0.000" classname="TestCases.V3_VDP_New_Inventory">
    <skipped/>
  </testcase> <!-- Verify_Button_Presence_All -->
  <testcase name="InitializeBrowser" time="6.062" classname="TestCases.V3_VDP_New_Inventory">
    <error type="org.openqa.selenium.SessionNotCreatedException" message="session not created: This version of ChromeDriver only supports Chrome version 77
Build info: version: &#039;3.14.0&#039;, revision: &#039;aacccce0&#039;, time: &#039;2018-08-02T20:19:58.91Z&#039;
System info: host: &#039;TSPL-DEV209B&#039;, ip: &#039;169.254.16.148&#039;, os.name: &#039;Windows 10&#039;, os.arch: &#039;amd64&#039;, os.version: &#039;10.0&#039;, java.version: &#039;1.8.0_231&#039;
Driver info: driver.version: ChromeDriver
remote stacktrace: Backtrace:
	Ordinal0 [0x003AEB13+1501971]
	Ordinal0 [0x0032F6D1+980689]
	Ordinal0 [0x002B765F+489055]
	Ordinal0 [0x0024F2F4+62196]
	Ordinal0 [0x0024BCDA+48346]
	Ordinal0 [0x00269800+169984]
	Ordinal0 [0x0026942D+169005]
	Ordinal0 [0x002678EB+162027]
	Ordinal0 [0x00250AC7+68295]
	Ordinal0 [0x00251B40+72512]
	Ordinal0 [0x00251AD9+72409]
	Ordinal0 [0x00348F37+1085239]
	GetHandleVerifier [0x0044D7ED+503293]
	GetHandleVerifier [0x0044D580+502672]
	GetHandleVerifier [0x004546AC+531644]
	GetHandleVerifier [0x0044DFFA+505354]
	Ordinal0 [0x00340606+1050118]
	Ordinal0 [0x0034047F+1049727]
	Ordinal0 [0x0034AF9B+1093531]
	Ordinal0 [0x0034B103+1093891]
	Ordinal0 [0x0034A095+1089685]
	BaseThreadInitThunk [0x75C20419+25]
	RtlGetAppContainerNamedObjectPath [0x777D662D+237]
	RtlGetAppContainerNamedObjectPath [0x777D65FD+189]
">
      <![CDATA[org.openqa.selenium.SessionNotCreatedException: session not created: This version of ChromeDriver only supports Chrome version 77
Build info: version: '3.14.0', revision: 'aacccce0', time: '2018-08-02T20:19:58.91Z'
System info: host: 'TSPL-DEV209B', ip: '169.254.16.148', os.name: 'Windows 10', os.arch: 'amd64', os.version: '10.0', java.version: '1.8.0_231'
Driver info: driver.version: ChromeDriver
remote stacktrace: Backtrace:
Ordinal0 [0x003AEB13+1501971]
Ordinal0 [0x0032F6D1+980689]
Ordinal0 [0x002B765F+489055]
Ordinal0 [0x0024F2F4+62196]
Ordinal0 [0x0024BCDA+48346]
Ordinal0 [0x00269800+169984]
Ordinal0 [0x0026942D+169005]
Ordinal0 [0x002678EB+162027]
Ordinal0 [0x00250AC7+68295]
Ordinal0 [0x00251B40+72512]
Ordinal0 [0x00251AD9+72409]
Ordinal0 [0x00348F37+1085239]
GetHandleVerifier [0x0044D7ED+503293]
GetHandleVerifier [0x0044D580+502672]
GetHandleVerifier [0x004546AC+531644]
GetHandleVerifier [0x0044DFFA+505354]
Ordinal0 [0x00340606+1050118]
Ordinal0 [0x0034047F+1049727]
Ordinal0 [0x0034AF9B+1093531]
Ordinal0 [0x0034B103+1093891]
Ordinal0 [0x0034A095+1089685]
BaseThreadInitThunk [0x75C20419+25]
RtlGetAppContainerNamedObjectPath [0x777D662D+237]
RtlGetAppContainerNamedObjectPath [0x777D65FD+189]

at sun.reflect.NativeConstructorAccessorImpl.newInstance0(Native Method)
at sun.reflect.NativeConstructorAccessorImpl.newInstance(Unknown Source)
at sun.reflect.DelegatingConstructorAccessorImpl.newInstance(Unknown Source)
at java.lang.reflect.Constructor.newInstance(Unknown Source)
at org.openqa.selenium.remote.W3CHandshakeResponse.lambda$new$0(W3CHandshakeResponse.java:57)
at org.openqa.selenium.remote.W3CHandshakeResponse.lambda$getResponseFunction$2(W3CHandshakeResponse.java:104)
at org.openqa.selenium.remote.ProtocolHandshake.lambda$createSession$0(ProtocolHandshake.java:122)
at java.util.stream.ReferencePipeline$3$1.accept(Unknown Source)
at java.util.Spliterators$ArraySpliterator.tryAdvance(Unknown Source)
at java.util.stream.ReferencePipeline.forEachWithCancel(Unknown Source)
at java.util.stream.AbstractPipeline.copyIntoWithCancel(Unknown Source)
at java.util.stream.AbstractPipeline.copyInto(Unknown Source)
at java.util.stream.AbstractPipeline.wrapAndCopyInto(Unknown Source)
at java.util.stream.FindOps$FindOp.evaluateSequential(Unknown Source)
at java.util.stream.AbstractPipeline.evaluate(Unknown Source)
at java.util.stream.ReferencePipeline.findFirst(Unknown Source)
at org.openqa.selenium.remote.ProtocolHandshake.createSession(ProtocolHandshake.java:125)
at org.openqa.selenium.remote.ProtocolHandshake.createSession(ProtocolHandshake.java:73)
at org.openqa.selenium.remote.HttpCommandExecutor.execute(HttpCommandExecutor.java:136)
at org.openqa.selenium.remote.service.DriverCommandExecutor.execute(DriverCommandExecutor.java:83)
at org.openqa.selenium.remote.RemoteWebDriver.execute(RemoteWebDriver.java:548)
at org.openqa.selenium.remote.RemoteWebDriver.startSession(RemoteWebDriver.java:212)
at org.openqa.selenium.remote.RemoteWebDriver.<init>(RemoteWebDriver.java:130)
at org.openqa.selenium.chrome.ChromeDriver.<init>(ChromeDriver.java:181)
at org.openqa.selenium.chrome.ChromeDriver.<init>(ChromeDriver.java:168)
at org.openqa.selenium.chrome.ChromeDriver.<init>(ChromeDriver.java:123)
at Common.BaseClass.InitializeBrowser(BaseClass.java:40)
at sun.reflect.NativeMethodAccessorImpl.invoke0(Native Method)
at sun.reflect.NativeMethodAccessorImpl.invoke(Unknown Source)
at sun.reflect.DelegatingMethodAccessorImpl.invoke(Unknown Source)
at java.lang.reflect.Method.invoke(Unknown Source)
at org.testng.internal.MethodInvocationHelper.invokeMethod(MethodInvocationHelper.java:133)
at org.testng.internal.MethodInvocationHelper.invokeMethodConsideringTimeout(MethodInvocationHelper.java:62)
at org.testng.internal.ConfigInvoker.invokeConfigurationMethod(ConfigInvoker.java:340)
at org.testng.internal.ConfigInvoker.invokeConfigurations(ConfigInvoker.java:294)
at org.testng.internal.TestInvoker.runConfigMethods(TestInvoker.java:683)
at org.testng.internal.TestInvoker.invokeMethod(TestInvoker.java:510)
at org.testng.internal.TestInvoker.invokeTestMethod(TestInvoker.java:172)
at org.testng.internal.MethodRunner.runInSequence(MethodRunner.java:46)
at org.testng.internal.TestInvoker$MethodInvocationAgent.invoke(TestInvoker.java:804)
at org.testng.internal.TestInvoker.invokeTestMethods(TestInvoker.java:145)
at org.testng.internal.TestMethodWorker.invokeTestMethods(TestMethodWorker.java:146)
at org.testng.internal.TestMethodWorker.run(TestMethodWorker.java:128)
at java.util.ArrayList.forEach(Unknown Source)
at org.testng.TestRunner.privateRun(TestRunner.java:770)
at org.testng.TestRunner.run(TestRunner.java:591)
at org.testng.SuiteRunner.runTest(SuiteRunner.java:402)
at org.testng.SuiteRunner.runSequentially(SuiteRunner.java:396)
at org.testng.SuiteRunner.privateRun(SuiteRunner.java:355)
at org.testng.SuiteRunner.run(SuiteRunner.java:304)
at org.testng.SuiteRunnerWorker.runSuite(SuiteRunnerWorker.java:53)
at org.testng.SuiteRunnerWorker.run(SuiteRunnerWorker.java:96)
at org.testng.TestNG.runSuitesSequentially(TestNG.java:1180)
at org.testng.TestNG.runSuitesLocally(TestNG.java:1102)
at org.testng.TestNG.runSuites(TestNG.java:1032)
at org.testng.TestNG.run(TestNG.java:1000)
at org.testng.remote.AbstractRemoteTestNG.run(AbstractRemoteTestNG.java:115)
at org.testng.remote.RemoteTestNG.initAndRun(RemoteTestNG.java:251)
at org.testng.remote.RemoteTestNG.main(RemoteTestNG.java:77)
]]>
    </error>
  </testcase> <!-- InitializeBrowser -->
  <testcase name="Verify_Button_Presence_All" time="0.000" classname="TestCases.V3_VDP_New_Inventory">
    <skipped/>
  </testcase> <!-- Verify_Button_Presence_All -->
  <testcase name="Verify_Button_Presence_All" time="0.000" classname="TestCases.V3_VDP_New_Inventory">
    <skipped/>
  </testcase> <!-- Verify_Button_Presence_All -->
  <testcase name="Verify_Button_Presence_All" time="0.000" classname="TestCases.V3_VDP_New_Inventory">
    <skipped/>
  </testcase> <!-- Verify_Button_Presence_All -->
  <testcase name="Verify_Button_Presence_All" time="0.000" classname="TestCases.V3_VDP_New_Inventory">
    <skipped/>
  </testcase> <!-- Verify_Button_Presence_All -->
  <testcase name="Verify_Button_Presence_All" time="0.000" classname="TestCases.V3_VDP_New_Inventory">
    <skipped/>
  </testcase> <!-- Verify_Button_Presence_All -->
</testsuite> <!-- TestCases.V3_VDP_New_Inventory -->
