<?xml version="1.0" encoding="UTF-8"?>
<testng-results skipped="0" failed="7" ignored="0" total="8" passed="1">
  <reporter-output>
  </reporter-output>
  <suite name="Default suite" duration-ms="723084" started-at="2020-01-27T17:25:22 IST" finished-at="2020-01-27T17:37:25 IST">
    <groups>
    </groups>
    <test name="Default test" duration-ms="723084" started-at="2020-01-27T17:25:22 IST" finished-at="2020-01-27T17:37:25 IST">
      <class name="TestCases.Verify_Button_Presence">
        <test-method status="PASS" signature="InitializeBrowser()[pri:0, instance:TestCases.Verify_Button_Presence@30b8a058]" name="InitializeBrowser" is-config="true" duration-ms="4929" started-at="2020-01-27T17:25:23 IST" finished-at="2020-01-27T17:25:28 IST">
          <reporter-output>
          </reporter-output>
        </test-method> <!-- InitializeBrowser -->
        <test-method status="PASS" signature="Verify_Button_Presence_All(java.lang.String, java.lang.String, java.lang.String, java.lang.String, java.lang.String, java.lang.String, java.lang.String, java.lang.String, java.lang.String, java.lang.String, java.lang.String, java.lang.String, java.lang.String, java.lang.String, java.lang.String, java.lang.String)[pri:0, instance:TestCases.Verify_Button_Presence@30b8a058]" name="Verify_Button_Presence_All" duration-ms="151044" started-at="2020-01-27T17:25:28 IST" data-provider="ObjectRepository" finished-at="2020-01-27T17:27:59 IST">
          <params>
            <param index="0">
              <value>
                <![CDATA[https://www.kunilexusofgreenwoodvillage.com/]]>
              </value>
            </param>
            <param index="1">
              <value>
                <![CDATA[KUNI LEXUS OF GREENWOOD VILLAGE]]>
              </value>
            </param>
            <param index="2">
              <value>
                <![CDATA[//*[@id="header"]/div[2]/div[2]/a/div/span]]>
              </value>
            </param>
            <param index="3">
              <value>
                <![CDATA[https://www.kunilexusofgreenwoodvillage.com/new-vehicles/]]>
              </value>
            </param>
            <param index="4">
              <value>
                <![CDATA[//*[@id="tgbtn"]/a]]>
              </value>
            </param>
            <param index="5">
              <value>
                <![CDATA[//*[@id="results-header-pagination"]/div/div/div[2]]]>
              </value>
            </param>
            <param index="6">
              <value>
                <![CDATA[//*[@id="results-header-pagination"]/div/div/div[3]/a]]>
              </value>
            </param>
            <param index="7">
              <value>
                <![CDATA[https://www.kunilexusofgreenwoodvillage.com/used-vehicles/]]>
              </value>
            </param>
            <param index="8">
              <value>
                <![CDATA[//span[@class='title-bottom']]]>
              </value>
            </param>
            <param index="9">
              <value>
                <![CDATA[//*[@id="tgbtn"]/a]]>
              </value>
            </param>
            <param index="10">
              <value>
                <![CDATA[//*[@id="price-box"]/div[1]/div[1]/div[1]/span/span[2]]]>
              </value>
            </param>
            <param index="11">
              <value>
                <![CDATA[//*[@id="price-box"]/div[1]/div[1]/div[2]/span[2]]]>
              </value>
            </param>
            <param index="12">
              <value>
                <![CDATA[popupWebdeskingFrame_v_3]]>
              </value>
            </param>
            <param index="13">
              <value>
                <![CDATA[//div[@id='appWrapper']/div/div[3]]]>
              </value>
            </param>
            <param index="14">
              <value>
                <![CDATA[//*[@id="results-title"]/h1/span]]>
              </value>
            </param>
            <param index="15">
              <value>
                <![CDATA[C 1]]>
              </value>
            </param>
          </params>
          <reporter-output>
          </reporter-output>
        </test-method> <!-- Verify_Button_Presence_All -->
        <test-method status="PASS" signature="tearDown()[pri:0, instance:TestCases.Verify_Button_Presence@30b8a058]" name="tearDown" is-config="true" duration-ms="834" started-at="2020-01-27T17:27:59 IST" finished-at="2020-01-27T17:27:59 IST">
          <reporter-output>
          </reporter-output>
        </test-method> <!-- tearDown -->
        <test-method status="PASS" signature="InitializeBrowser()[pri:0, instance:TestCases.Verify_Button_Presence@30b8a058]" name="InitializeBrowser" is-config="true" duration-ms="3539" started-at="2020-01-27T17:27:59 IST" finished-at="2020-01-27T17:28:03 IST">
          <reporter-output>
          </reporter-output>
        </test-method> <!-- InitializeBrowser -->
        <test-method status="FAIL" signature="Verify_Button_Presence_All(java.lang.String, java.lang.String, java.lang.String, java.lang.String, java.lang.String, java.lang.String, java.lang.String, java.lang.String, java.lang.String, java.lang.String, java.lang.String, java.lang.String, java.lang.String, java.lang.String, java.lang.String, java.lang.String)[pri:0, instance:TestCases.Verify_Button_Presence@30b8a058]" name="Verify_Button_Presence_All" duration-ms="61318" started-at="2020-01-27T17:28:03 IST" data-provider="ObjectRepository" finished-at="2020-01-27T17:29:04 IST">
          <params>
            <param index="0">
              <value>
                <![CDATA[https://www.porscheofneworleans.com/]]>
              </value>
            </param>
            <param index="1">
              <value>
                <![CDATA[Porsche of New Orleans]]>
              </value>
            </param>
            <param index="2">
              <value>
                <![CDATA[//*[@id="header-bottom"]/div/div/div[1]/div[1]/a]]>
              </value>
            </param>
            <param index="3">
              <value>
                <![CDATA[https://www.porscheofneworleans.com/new-vehicles/]]>
              </value>
            </param>
            <param index="4">
              <value>
                <![CDATA[//*[@id="tgbtn"]/a]]>
              </value>
            </param>
            <param index="5">
              <value>
                <![CDATA[//*[@id="results-header-pagination"]/div/div/div[2]]]>
              </value>
            </param>
            <param index="6">
              <value>
                <![CDATA[//*[@id="results-header-pagination"]/div/div/div[3]/a]]>
              </value>
            </param>
            <param index="7">
              <value>
                <![CDATA[https://www.porscheofneworleans.com/used-vehicles/]]>
              </value>
            </param>
            <param index="8">
              <value>
                <![CDATA[//span[@class='title-bottom']]]>
              </value>
            </param>
            <param index="9">
              <value>
                <![CDATA[//*[@id="tgbtn"]/a]]>
              </value>
            </param>
            <param index="10">
              <value>
                <![CDATA[//*[@id="price-box"]/div[1]/div[1]/div[1]/span/span[2]]]>
              </value>
            </param>
            <param index="11">
              <value>
                <![CDATA[//*[@id="price-box"]/div[1]/div[1]/div[2]/span[2]]]>
              </value>
            </param>
            <param index="12">
              <value>
                <![CDATA[popupWebdeskingFrame_v_4]]>
              </value>
            </param>
            <param index="13">
              <value>
                <![CDATA[//div[@id='appWrapper']/div/div[3]]]>
              </value>
            </param>
            <param index="14">
              <value>
                <![CDATA[//*[@id="results-title"]/h1/span]]>
              </value>
            </param>
            <param index="15">
              <value>
                <![CDATA[C 2]]>
              </value>
            </param>
          </params>
          <exception class="org.openqa.selenium.ElementClickInterceptedException">
            <message>
              <![CDATA[element click intercepted: Element <a href="#" role="button" class="go-to-page" data-testid="pagination-next-link" data-page="2" data-rox_event="Inventory Next Page">...</a> is not clickable at point (1869, 345). Other element would receive the click: <i class="fa fa-usd"></i>
  (Session info: chrome=79.0.3945.130)
Build info: version: '3.14.0', revision: 'aacccce0', time: '2018-08-02T20:19:58.91Z'
System info: host: 'TSPL-DEV209B', ip: '169.254.16.148', os.name: 'Windows 10', os.arch: 'amd64', os.version: '10.0', java.version: '1.8.0_231'
Driver info: org.openqa.selenium.chrome.ChromeDriver
Capabilities {acceptInsecureCerts: false, browserName: chrome, browserVersion: 79.0.3945.130, chrome: {chromedriverVersion: 79.0.3945.36 (3582db32b3389..., userDataDir: C:\Users\t0562\AppData\Loca...}, goog:chromeOptions: {debuggerAddress: localhost:50105}, javascriptEnabled: true, networkConnectionEnabled: false, pageLoadStrategy: normal, platform: WINDOWS, platformName: WINDOWS, proxy: Proxy(), setWindowRect: true, strictFileInteractability: false, timeouts: {implicit: 0, pageLoad: 300000, script: 30000}, unhandledPromptBehavior: dismiss and notify}
Session ID: bcfcc8b88e8c16036eca2f675048cc14]]>
            </message>
            <full-stacktrace>
              <![CDATA[org.openqa.selenium.ElementClickInterceptedException: element click intercepted: Element <a href="#" role="button" class="go-to-page" data-testid="pagination-next-link" data-page="2" data-rox_event="Inventory Next Page">...</a> is not clickable at point (1869, 345). Other element would receive the click: <i class="fa fa-usd"></i>
  (Session info: chrome=79.0.3945.130)
Build info: version: '3.14.0', revision: 'aacccce0', time: '2018-08-02T20:19:58.91Z'
System info: host: 'TSPL-DEV209B', ip: '169.254.16.148', os.name: 'Windows 10', os.arch: 'amd64', os.version: '10.0', java.version: '1.8.0_231'
Driver info: org.openqa.selenium.chrome.ChromeDriver
Capabilities {acceptInsecureCerts: false, browserName: chrome, browserVersion: 79.0.3945.130, chrome: {chromedriverVersion: 79.0.3945.36 (3582db32b3389..., userDataDir: C:\Users\t0562\AppData\Loca...}, goog:chromeOptions: {debuggerAddress: localhost:50105}, javascriptEnabled: true, networkConnectionEnabled: false, pageLoadStrategy: normal, platform: WINDOWS, platformName: WINDOWS, proxy: Proxy(), setWindowRect: true, strictFileInteractability: false, timeouts: {implicit: 0, pageLoad: 300000, script: 30000}, unhandledPromptBehavior: dismiss and notify}
Session ID: bcfcc8b88e8c16036eca2f675048cc14
at sun.reflect.NativeConstructorAccessorImpl.newInstance0(Native Method)
at sun.reflect.NativeConstructorAccessorImpl.newInstance(Unknown Source)
at sun.reflect.DelegatingConstructorAccessorImpl.newInstance(Unknown Source)
at java.lang.reflect.Constructor.newInstance(Unknown Source)
at org.openqa.selenium.remote.http.W3CHttpResponseCodec.createException(W3CHttpResponseCodec.java:187)
at org.openqa.selenium.remote.http.W3CHttpResponseCodec.decode(W3CHttpResponseCodec.java:122)
at org.openqa.selenium.remote.http.W3CHttpResponseCodec.decode(W3CHttpResponseCodec.java:49)
at org.openqa.selenium.remote.HttpCommandExecutor.execute(HttpCommandExecutor.java:158)
at org.openqa.selenium.remote.service.DriverCommandExecutor.execute(DriverCommandExecutor.java:83)
at org.openqa.selenium.remote.RemoteWebDriver.execute(RemoteWebDriver.java:548)
at org.openqa.selenium.remote.RemoteWebElement.execute(RemoteWebElement.java:276)
at org.openqa.selenium.remote.RemoteWebElement.click(RemoteWebElement.java:83)
at TestCases.Verify_Button_Presence.Verify_Button_Presence_All(Verify_Button_Presence.java:68)
at sun.reflect.NativeMethodAccessorImpl.invoke0(Native Method)
at sun.reflect.NativeMethodAccessorImpl.invoke(Unknown Source)
at sun.reflect.DelegatingMethodAccessorImpl.invoke(Unknown Source)
at java.lang.reflect.Method.invoke(Unknown Source)
at org.testng.internal.MethodInvocationHelper.invokeMethod(MethodInvocationHelper.java:133)
at org.testng.internal.TestInvoker.invokeMethod(TestInvoker.java:584)
at org.testng.internal.TestInvoker.invokeTestMethod(TestInvoker.java:172)
at org.testng.internal.MethodRunner.runInSequence(MethodRunner.java:46)
at org.testng.internal.TestInvoker$MethodInvocationAgent.invoke(TestInvoker.java:804)
at org.testng.internal.TestInvoker.invokeTestMethods(TestInvoker.java:145)
at org.testng.internal.TestMethodWorker.invokeTestMethods(TestMethodWorker.java:146)
at org.testng.internal.TestMethodWorker.run(TestMethodWorker.java:128)
at java.util.ArrayList.forEach(Unknown Source)
at org.testng.TestRunner.privateRun(TestRunner.java:770)
at org.testng.TestRunner.run(TestRunner.java:591)
at org.testng.SuiteRunner.runTest(SuiteRunner.java:402)
at org.testng.SuiteRunner.runSequentially(SuiteRunner.java:396)
at org.testng.SuiteRunner.privateRun(SuiteRunner.java:355)
at org.testng.SuiteRunner.run(SuiteRunner.java:304)
at org.testng.SuiteRunnerWorker.runSuite(SuiteRunnerWorker.java:53)
at org.testng.SuiteRunnerWorker.run(SuiteRunnerWorker.java:96)
at org.testng.TestNG.runSuitesSequentially(TestNG.java:1180)
at org.testng.TestNG.runSuitesLocally(TestNG.java:1102)
at org.testng.TestNG.runSuites(TestNG.java:1032)
at org.testng.TestNG.run(TestNG.java:1000)
at org.testng.remote.AbstractRemoteTestNG.run(AbstractRemoteTestNG.java:115)
at org.testng.remote.RemoteTestNG.initAndRun(RemoteTestNG.java:251)
at org.testng.remote.RemoteTestNG.main(RemoteTestNG.java:77)
]]>
            </full-stacktrace>
          </exception> <!-- org.openqa.selenium.ElementClickInterceptedException -->
          <reporter-output>
          </reporter-output>
        </test-method> <!-- Verify_Button_Presence_All -->
        <test-method status="PASS" signature="tearDown()[pri:0, instance:TestCases.Verify_Button_Presence@30b8a058]" name="tearDown" is-config="true" duration-ms="743" started-at="2020-01-27T17:29:04 IST" finished-at="2020-01-27T17:29:05 IST">
          <reporter-output>
          </reporter-output>
        </test-method> <!-- tearDown -->
        <test-method status="PASS" signature="InitializeBrowser()[pri:0, instance:TestCases.Verify_Button_Presence@30b8a058]" name="InitializeBrowser" is-config="true" duration-ms="3398" started-at="2020-01-27T17:29:05 IST" finished-at="2020-01-27T17:29:08 IST">
          <reporter-output>
          </reporter-output>
        </test-method> <!-- InitializeBrowser -->
        <test-method status="FAIL" signature="Verify_Button_Presence_All(java.lang.String, java.lang.String, java.lang.String, java.lang.String, java.lang.String, java.lang.String, java.lang.String, java.lang.String, java.lang.String, java.lang.String, java.lang.String, java.lang.String, java.lang.String, java.lang.String, java.lang.String, java.lang.String)[pri:0, instance:TestCases.Verify_Button_Presence@30b8a058]" name="Verify_Button_Presence_All" duration-ms="147083" started-at="2020-01-27T17:29:08 IST" data-provider="ObjectRepository" finished-at="2020-01-27T17:31:36 IST">
          <params>
            <param index="0">
              <value>
                <![CDATA[https://www.lexusofeaston.com/]]>
              </value>
            </param>
            <param index="1">
              <value>
                <![CDATA[GERMAIN LEXUS OF EASTON]]>
              </value>
            </param>
            <param index="2">
              <value>
                <![CDATA[/html/body/div[1]/div[2]/div[1]/div/h1/a/span[1]]]>
              </value>
            </param>
            <param index="3">
              <value>
                <![CDATA[https://www.lexusofeaston.com/new-inventory/index.htm]]>
              </value>
            </param>
            <param index="4">
              <value>
                <![CDATA[//*[@id="tgbtn"]/a]]>
              </value>
            </param>
            <param index="5">
              <value>
                <![CDATA[//*[@id="results-header-pagination"]/div/div/div[2]]]>
              </value>
            </param>
            <param index="6">
              <value>
                <![CDATA[//*[@id="results-header-pagination"]/div/div/div[3]/a]]>
              </value>
            </param>
            <param index="7">
              <value>
                <![CDATA[https://www.lexusofeaston.com/used-inventory/index.htm]]>
              </value>
            </param>
            <param index="8">
              <value>
                <![CDATA[//span[@class='title-bottom']]]>
              </value>
            </param>
            <param index="9">
              <value>
                <![CDATA[//*[@id="tgbtn"]/a]]>
              </value>
            </param>
            <param index="10">
              <value>
                <![CDATA[//*[@id="price-box"]/div[1]/div[1]/div[1]/span/span[2]]]>
              </value>
            </param>
            <param index="11">
              <value>
                <![CDATA[//*[@id="price-box"]/div[1]/div[1]/div[2]/span[2]]]>
              </value>
            </param>
            <param index="12">
              <value>
                <![CDATA[popupWebdeskingFrame_v_5]]>
              </value>
            </param>
            <param index="13">
              <value>
                <![CDATA[//div[@id='appWrapper']/div/div[3]]]>
              </value>
            </param>
            <param index="14">
              <value>
                <![CDATA[//*[@id="results-title"]/h1/span]]>
              </value>
            </param>
            <param index="15">
              <value>
                <![CDATA[C 3]]>
              </value>
            </param>
          </params>
          <exception class="org.openqa.selenium.NoSuchElementException">
            <message>
              <![CDATA[no such element: Unable to locate element: {"method":"xpath","selector":"//*[@id="results-title"]/h1/span"}
  (Session info: chrome=79.0.3945.130)
For documentation on this error, please visit: http://seleniumhq.org/exceptions/no_such_element.html
Build info: version: '3.14.0', revision: 'aacccce0', time: '2018-08-02T20:19:58.91Z'
System info: host: 'TSPL-DEV209B', ip: '169.254.16.148', os.name: 'Windows 10', os.arch: 'amd64', os.version: '10.0', java.version: '1.8.0_231'
Driver info: org.openqa.selenium.chrome.ChromeDriver
Capabilities {acceptInsecureCerts: false, browserName: chrome, browserVersion: 79.0.3945.130, chrome: {chromedriverVersion: 79.0.3945.36 (3582db32b3389..., userDataDir: C:\Users\t0562\AppData\Loca...}, goog:chromeOptions: {debuggerAddress: localhost:50357}, javascriptEnabled: true, networkConnectionEnabled: false, pageLoadStrategy: normal, platform: WINDOWS, platformName: WINDOWS, proxy: Proxy(), setWindowRect: true, strictFileInteractability: false, timeouts: {implicit: 0, pageLoad: 300000, script: 30000}, unhandledPromptBehavior: dismiss and notify}
Session ID: 3b83b20ec11337efe31b89396e990a89
*** Element info: {Using=xpath, value=//*[@id="results-title"]/h1/span}]]>
            </message>
            <full-stacktrace>
              <![CDATA[org.openqa.selenium.NoSuchElementException: no such element: Unable to locate element: {"method":"xpath","selector":"//*[@id="results-title"]/h1/span"}
  (Session info: chrome=79.0.3945.130)
For documentation on this error, please visit: http://seleniumhq.org/exceptions/no_such_element.html
Build info: version: '3.14.0', revision: 'aacccce0', time: '2018-08-02T20:19:58.91Z'
System info: host: 'TSPL-DEV209B', ip: '169.254.16.148', os.name: 'Windows 10', os.arch: 'amd64', os.version: '10.0', java.version: '1.8.0_231'
Driver info: org.openqa.selenium.chrome.ChromeDriver
Capabilities {acceptInsecureCerts: false, browserName: chrome, browserVersion: 79.0.3945.130, chrome: {chromedriverVersion: 79.0.3945.36 (3582db32b3389..., userDataDir: C:\Users\t0562\AppData\Loca...}, goog:chromeOptions: {debuggerAddress: localhost:50357}, javascriptEnabled: true, networkConnectionEnabled: false, pageLoadStrategy: normal, platform: WINDOWS, platformName: WINDOWS, proxy: Proxy(), setWindowRect: true, strictFileInteractability: false, timeouts: {implicit: 0, pageLoad: 300000, script: 30000}, unhandledPromptBehavior: dismiss and notify}
Session ID: 3b83b20ec11337efe31b89396e990a89
*** Element info: {Using=xpath, value=//*[@id="results-title"]/h1/span}
at sun.reflect.NativeConstructorAccessorImpl.newInstance0(Native Method)
at sun.reflect.NativeConstructorAccessorImpl.newInstance(Unknown Source)
at sun.reflect.DelegatingConstructorAccessorImpl.newInstance(Unknown Source)
at java.lang.reflect.Constructor.newInstance(Unknown Source)
at org.openqa.selenium.remote.http.W3CHttpResponseCodec.createException(W3CHttpResponseCodec.java:187)
at org.openqa.selenium.remote.http.W3CHttpResponseCodec.decode(W3CHttpResponseCodec.java:122)
at org.openqa.selenium.remote.http.W3CHttpResponseCodec.decode(W3CHttpResponseCodec.java:49)
at org.openqa.selenium.remote.HttpCommandExecutor.execute(HttpCommandExecutor.java:158)
at org.openqa.selenium.remote.service.DriverCommandExecutor.execute(DriverCommandExecutor.java:83)
at org.openqa.selenium.remote.RemoteWebDriver.execute(RemoteWebDriver.java:548)
at org.openqa.selenium.remote.RemoteWebDriver.findElement(RemoteWebDriver.java:322)
at org.openqa.selenium.remote.RemoteWebDriver.findElementByXPath(RemoteWebDriver.java:424)
at org.openqa.selenium.By$ByXPath.findElement(By.java:353)
at org.openqa.selenium.remote.RemoteWebDriver.findElement(RemoteWebDriver.java:314)
at TestCases.Verify_Button_Presence.Verify_Button_Presence_All(Verify_Button_Presence.java:48)
at sun.reflect.NativeMethodAccessorImpl.invoke0(Native Method)
at sun.reflect.NativeMethodAccessorImpl.invoke(Unknown Source)
at sun.reflect.DelegatingMethodAccessorImpl.invoke(Unknown Source)
at java.lang.reflect.Method.invoke(Unknown Source)
at org.testng.internal.MethodInvocationHelper.invokeMethod(MethodInvocationHelper.java:133)
at org.testng.internal.TestInvoker.invokeMethod(TestInvoker.java:584)
at org.testng.internal.TestInvoker.invokeTestMethod(TestInvoker.java:172)
at org.testng.internal.MethodRunner.runInSequence(MethodRunner.java:46)
at org.testng.internal.TestInvoker$MethodInvocationAgent.invoke(TestInvoker.java:804)
at org.testng.internal.TestInvoker.invokeTestMethods(TestInvoker.java:145)
at org.testng.internal.TestMethodWorker.invokeTestMethods(TestMethodWorker.java:146)
at org.testng.internal.TestMethodWorker.run(TestMethodWorker.java:128)
at java.util.ArrayList.forEach(Unknown Source)
at org.testng.TestRunner.privateRun(TestRunner.java:770)
at org.testng.TestRunner.run(TestRunner.java:591)
at org.testng.SuiteRunner.runTest(SuiteRunner.java:402)
at org.testng.SuiteRunner.runSequentially(SuiteRunner.java:396)
at org.testng.SuiteRunner.privateRun(SuiteRunner.java:355)
at org.testng.SuiteRunner.run(SuiteRunner.java:304)
at org.testng.SuiteRunnerWorker.runSuite(SuiteRunnerWorker.java:53)
at org.testng.SuiteRunnerWorker.run(SuiteRunnerWorker.java:96)
at org.testng.TestNG.runSuitesSequentially(TestNG.java:1180)
at org.testng.TestNG.runSuitesLocally(TestNG.java:1102)
at org.testng.TestNG.runSuites(TestNG.java:1032)
at org.testng.TestNG.run(TestNG.java:1000)
at org.testng.remote.AbstractRemoteTestNG.run(AbstractRemoteTestNG.java:115)
at org.testng.remote.RemoteTestNG.initAndRun(RemoteTestNG.java:251)
at org.testng.remote.RemoteTestNG.main(RemoteTestNG.java:77)
]]>
            </full-stacktrace>
          </exception> <!-- org.openqa.selenium.NoSuchElementException -->
          <reporter-output>
          </reporter-output>
        </test-method> <!-- Verify_Button_Presence_All -->
        <test-method status="PASS" signature="tearDown()[pri:0, instance:TestCases.Verify_Button_Presence@30b8a058]" name="tearDown" is-config="true" duration-ms="783" started-at="2020-01-27T17:31:36 IST" finished-at="2020-01-27T17:31:36 IST">
          <reporter-output>
          </reporter-output>
        </test-method> <!-- tearDown -->
        <test-method status="PASS" signature="InitializeBrowser()[pri:0, instance:TestCases.Verify_Button_Presence@30b8a058]" name="InitializeBrowser" is-config="true" duration-ms="3489" started-at="2020-01-27T17:31:36 IST" finished-at="2020-01-27T17:31:40 IST">
          <reporter-output>
          </reporter-output>
        </test-method> <!-- InitializeBrowser -->
        <test-method status="FAIL" signature="Verify_Button_Presence_All(java.lang.String, java.lang.String, java.lang.String, java.lang.String, java.lang.String, java.lang.String, java.lang.String, java.lang.String, java.lang.String, java.lang.String, java.lang.String, java.lang.String, java.lang.String, java.lang.String, java.lang.String, java.lang.String)[pri:0, instance:TestCases.Verify_Button_Presence@30b8a058]" name="Verify_Button_Presence_All" duration-ms="93221" started-at="2020-01-27T17:31:40 IST" data-provider="ObjectRepository" finished-at="2020-01-27T17:33:13 IST">
          <params>
            <param index="0">
              <value>
                <![CDATA[https://www.germainmazda.com/]]>
              </value>
            </param>
            <param index="1">
              <value>
                <![CDATA[Germain Mazda of Columbus]]>
              </value>
            </param>
            <param index="2">
              <value>
                <![CDATA[/html/body/div[1]/div[2]/div[1]/div/h1/a/span]]>
              </value>
            </param>
            <param index="3">
              <value>
                <![CDATA[https://www.germainmazda.com/new-inventory/index.htm]]>
              </value>
            </param>
            <param index="4">
              <value>
                <![CDATA[//*[@id="tgbtn"]/a]]>
              </value>
            </param>
            <param index="5">
              <value>
                <![CDATA[//*[@id="results-header-pagination"]/div/div/div[2]]]>
              </value>
            </param>
            <param index="6">
              <value>
                <![CDATA[//*[@id="results-header-pagination"]/div/div/div[3]/a]]>
              </value>
            </param>
            <param index="7">
              <value>
                <![CDATA[https://www.germainmazda.com/used-inventory/index.htm]]>
              </value>
            </param>
            <param index="8">
              <value>
                <![CDATA[//span[@class='title-bottom']]]>
              </value>
            </param>
            <param index="9">
              <value>
                <![CDATA[//*[@id="tgbtn"]/a]]>
              </value>
            </param>
            <param index="10">
              <value>
                <![CDATA[//*[@id="price-box"]/div[1]/div[1]/div[1]/span/span[2]]]>
              </value>
            </param>
            <param index="11">
              <value>
                <![CDATA[//*[@id="price-box"]/div[1]/div[1]/div[2]/span[2]]]>
              </value>
            </param>
            <param index="12">
              <value>
                <![CDATA[popupWebdeskingFrame_v_6]]>
              </value>
            </param>
            <param index="13">
              <value>
                <![CDATA[//div[@id='appWrapper']/div/div[3]]]>
              </value>
            </param>
            <param index="14">
              <value>
                <![CDATA[//*[@id="results-title"]/h1/span]]>
              </value>
            </param>
            <param index="15">
              <value>
                <![CDATA[C 4]]>
              </value>
            </param>
          </params>
          <exception class="org.openqa.selenium.NoSuchElementException">
            <message>
              <![CDATA[no such element: Unable to locate element: {"method":"xpath","selector":"//*[@id="results-title"]/h1/span"}
  (Session info: chrome=79.0.3945.130)
For documentation on this error, please visit: http://seleniumhq.org/exceptions/no_such_element.html
Build info: version: '3.14.0', revision: 'aacccce0', time: '2018-08-02T20:19:58.91Z'
System info: host: 'TSPL-DEV209B', ip: '169.254.16.148', os.name: 'Windows 10', os.arch: 'amd64', os.version: '10.0', java.version: '1.8.0_231'
Driver info: org.openqa.selenium.chrome.ChromeDriver
Capabilities {acceptInsecureCerts: false, browserName: chrome, browserVersion: 79.0.3945.130, chrome: {chromedriverVersion: 79.0.3945.36 (3582db32b3389..., userDataDir: C:\Users\t0562\AppData\Loca...}, goog:chromeOptions: {debuggerAddress: localhost:50801}, javascriptEnabled: true, networkConnectionEnabled: false, pageLoadStrategy: normal, platform: WINDOWS, platformName: WINDOWS, proxy: Proxy(), setWindowRect: true, strictFileInteractability: false, timeouts: {implicit: 0, pageLoad: 300000, script: 30000}, unhandledPromptBehavior: dismiss and notify}
Session ID: 5b4851a66cd457d598e5c663821d9c79
*** Element info: {Using=xpath, value=//*[@id="results-title"]/h1/span}]]>
            </message>
            <full-stacktrace>
              <![CDATA[org.openqa.selenium.NoSuchElementException: no such element: Unable to locate element: {"method":"xpath","selector":"//*[@id="results-title"]/h1/span"}
  (Session info: chrome=79.0.3945.130)
For documentation on this error, please visit: http://seleniumhq.org/exceptions/no_such_element.html
Build info: version: '3.14.0', revision: 'aacccce0', time: '2018-08-02T20:19:58.91Z'
System info: host: 'TSPL-DEV209B', ip: '169.254.16.148', os.name: 'Windows 10', os.arch: 'amd64', os.version: '10.0', java.version: '1.8.0_231'
Driver info: org.openqa.selenium.chrome.ChromeDriver
Capabilities {acceptInsecureCerts: false, browserName: chrome, browserVersion: 79.0.3945.130, chrome: {chromedriverVersion: 79.0.3945.36 (3582db32b3389..., userDataDir: C:\Users\t0562\AppData\Loca...}, goog:chromeOptions: {debuggerAddress: localhost:50801}, javascriptEnabled: true, networkConnectionEnabled: false, pageLoadStrategy: normal, platform: WINDOWS, platformName: WINDOWS, proxy: Proxy(), setWindowRect: true, strictFileInteractability: false, timeouts: {implicit: 0, pageLoad: 300000, script: 30000}, unhandledPromptBehavior: dismiss and notify}
Session ID: 5b4851a66cd457d598e5c663821d9c79
*** Element info: {Using=xpath, value=//*[@id="results-title"]/h1/span}
at sun.reflect.NativeConstructorAccessorImpl.newInstance0(Native Method)
at sun.reflect.NativeConstructorAccessorImpl.newInstance(Unknown Source)
at sun.reflect.DelegatingConstructorAccessorImpl.newInstance(Unknown Source)
at java.lang.reflect.Constructor.newInstance(Unknown Source)
at org.openqa.selenium.remote.http.W3CHttpResponseCodec.createException(W3CHttpResponseCodec.java:187)
at org.openqa.selenium.remote.http.W3CHttpResponseCodec.decode(W3CHttpResponseCodec.java:122)
at org.openqa.selenium.remote.http.W3CHttpResponseCodec.decode(W3CHttpResponseCodec.java:49)
at org.openqa.selenium.remote.HttpCommandExecutor.execute(HttpCommandExecutor.java:158)
at org.openqa.selenium.remote.service.DriverCommandExecutor.execute(DriverCommandExecutor.java:83)
at org.openqa.selenium.remote.RemoteWebDriver.execute(RemoteWebDriver.java:548)
at org.openqa.selenium.remote.RemoteWebDriver.findElement(RemoteWebDriver.java:322)
at org.openqa.selenium.remote.RemoteWebDriver.findElementByXPath(RemoteWebDriver.java:424)
at org.openqa.selenium.By$ByXPath.findElement(By.java:353)
at org.openqa.selenium.remote.RemoteWebDriver.findElement(RemoteWebDriver.java:314)
at TestCases.Verify_Button_Presence.Verify_Button_Presence_All(Verify_Button_Presence.java:48)
at sun.reflect.NativeMethodAccessorImpl.invoke0(Native Method)
at sun.reflect.NativeMethodAccessorImpl.invoke(Unknown Source)
at sun.reflect.DelegatingMethodAccessorImpl.invoke(Unknown Source)
at java.lang.reflect.Method.invoke(Unknown Source)
at org.testng.internal.MethodInvocationHelper.invokeMethod(MethodInvocationHelper.java:133)
at org.testng.internal.TestInvoker.invokeMethod(TestInvoker.java:584)
at org.testng.internal.TestInvoker.invokeTestMethod(TestInvoker.java:172)
at org.testng.internal.MethodRunner.runInSequence(MethodRunner.java:46)
at org.testng.internal.TestInvoker$MethodInvocationAgent.invoke(TestInvoker.java:804)
at org.testng.internal.TestInvoker.invokeTestMethods(TestInvoker.java:145)
at org.testng.internal.TestMethodWorker.invokeTestMethods(TestMethodWorker.java:146)
at org.testng.internal.TestMethodWorker.run(TestMethodWorker.java:128)
at java.util.ArrayList.forEach(Unknown Source)
at org.testng.TestRunner.privateRun(TestRunner.java:770)
at org.testng.TestRunner.run(TestRunner.java:591)
at org.testng.SuiteRunner.runTest(SuiteRunner.java:402)
at org.testng.SuiteRunner.runSequentially(SuiteRunner.java:396)
at org.testng.SuiteRunner.privateRun(SuiteRunner.java:355)
at org.testng.SuiteRunner.run(SuiteRunner.java:304)
at org.testng.SuiteRunnerWorker.runSuite(SuiteRunnerWorker.java:53)
at org.testng.SuiteRunnerWorker.run(SuiteRunnerWorker.java:96)
at org.testng.TestNG.runSuitesSequentially(TestNG.java:1180)
at org.testng.TestNG.runSuitesLocally(TestNG.java:1102)
at org.testng.TestNG.runSuites(TestNG.java:1032)
at org.testng.TestNG.run(TestNG.java:1000)
at org.testng.remote.AbstractRemoteTestNG.run(AbstractRemoteTestNG.java:115)
at org.testng.remote.RemoteTestNG.initAndRun(RemoteTestNG.java:251)
at org.testng.remote.RemoteTestNG.main(RemoteTestNG.java:77)
]]>
            </full-stacktrace>
          </exception> <!-- org.openqa.selenium.NoSuchElementException -->
          <reporter-output>
          </reporter-output>
        </test-method> <!-- Verify_Button_Presence_All -->
        <test-method status="PASS" signature="tearDown()[pri:0, instance:TestCases.Verify_Button_Presence@30b8a058]" name="tearDown" is-config="true" duration-ms="735" started-at="2020-01-27T17:33:13 IST" finished-at="2020-01-27T17:33:14 IST">
          <reporter-output>
          </reporter-output>
        </test-method> <!-- tearDown -->
        <test-method status="PASS" signature="InitializeBrowser()[pri:0, instance:TestCases.Verify_Button_Presence@30b8a058]" name="InitializeBrowser" is-config="true" duration-ms="3363" started-at="2020-01-27T17:33:14 IST" finished-at="2020-01-27T17:33:17 IST">
          <reporter-output>
          </reporter-output>
        </test-method> <!-- InitializeBrowser -->
        <test-method status="FAIL" signature="Verify_Button_Presence_All(java.lang.String, java.lang.String, java.lang.String, java.lang.String, java.lang.String, java.lang.String, java.lang.String, java.lang.String, java.lang.String, java.lang.String, java.lang.String, java.lang.String, java.lang.String, java.lang.String, java.lang.String, java.lang.String)[pri:0, instance:TestCases.Verify_Button_Presence@30b8a058]" name="Verify_Button_Presence_All" duration-ms="77385" started-at="2020-01-27T17:33:17 IST" data-provider="ObjectRepository" finished-at="2020-01-27T17:34:35 IST">
          <params>
            <param index="0">
              <value>
                <![CDATA[https://www.germainlexusdublin.com]]>
              </value>
            </param>
            <param index="1">
              <value>
                <![CDATA[GERMAIN LEXUS OF DUBLIN]]>
              </value>
            </param>
            <param index="2">
              <value>
                <![CDATA[/html/body/div[1]/div[2]/div[1]/div]]>
              </value>
            </param>
            <param index="3">
              <value>
                <![CDATA[https://www.germainlexusdublin.com/new-inventory/index.htm]]>
              </value>
            </param>
            <param index="4">
              <value>
                <![CDATA[//*[@id="tgbtn"]/a]]>
              </value>
            </param>
            <param index="5">
              <value>
                <![CDATA[//*[@id="results-header-pagination"]/div/div/div[2]]]>
              </value>
            </param>
            <param index="6">
              <value>
                <![CDATA[//*[@id="results-header-pagination"]/div/div/div[3]/a]]>
              </value>
            </param>
            <param index="7">
              <value>
                <![CDATA[https://www.germainlexusdublin.com/used-inventory/index.htm]]>
              </value>
            </param>
            <param index="8">
              <value>
                <![CDATA[//span[@class='title-bottom']]]>
              </value>
            </param>
            <param index="9">
              <value>
                <![CDATA[//*[@id="tgbtn"]/a]]>
              </value>
            </param>
            <param index="10">
              <value>
                <![CDATA[//*[@id="price-box"]/div[1]/div[1]/div[1]/span/span[2]]]>
              </value>
            </param>
            <param index="11">
              <value>
                <![CDATA[//*[@id="price-box"]/div[1]/div[1]/div[2]/span[2]]]>
              </value>
            </param>
            <param index="12">
              <value>
                <![CDATA[popupWebdeskingFrame_v_7]]>
              </value>
            </param>
            <param index="13">
              <value>
                <![CDATA[//div[@id='appWrapper']/div/div[3]]]>
              </value>
            </param>
            <param index="14">
              <value>
                <![CDATA[//*[@id="results-title"]/h1/span]]>
              </value>
            </param>
            <param index="15">
              <value>
                <![CDATA[C 5]]>
              </value>
            </param>
          </params>
          <exception class="org.openqa.selenium.NoSuchElementException">
            <message>
              <![CDATA[no such element: Unable to locate element: {"method":"xpath","selector":"//*[@id="results-title"]/h1/span"}
  (Session info: chrome=79.0.3945.130)
For documentation on this error, please visit: http://seleniumhq.org/exceptions/no_such_element.html
Build info: version: '3.14.0', revision: 'aacccce0', time: '2018-08-02T20:19:58.91Z'
System info: host: 'TSPL-DEV209B', ip: '169.254.16.148', os.name: 'Windows 10', os.arch: 'amd64', os.version: '10.0', java.version: '1.8.0_231'
Driver info: org.openqa.selenium.chrome.ChromeDriver
Capabilities {acceptInsecureCerts: false, browserName: chrome, browserVersion: 79.0.3945.130, chrome: {chromedriverVersion: 79.0.3945.36 (3582db32b3389..., userDataDir: C:\Users\t0562\AppData\Loca...}, goog:chromeOptions: {debuggerAddress: localhost:51086}, javascriptEnabled: true, networkConnectionEnabled: false, pageLoadStrategy: normal, platform: WINDOWS, platformName: WINDOWS, proxy: Proxy(), setWindowRect: true, strictFileInteractability: false, timeouts: {implicit: 0, pageLoad: 300000, script: 30000}, unhandledPromptBehavior: dismiss and notify}
Session ID: 609f119de707e254947dfe9d560d213e
*** Element info: {Using=xpath, value=//*[@id="results-title"]/h1/span}]]>
            </message>
            <full-stacktrace>
              <![CDATA[org.openqa.selenium.NoSuchElementException: no such element: Unable to locate element: {"method":"xpath","selector":"//*[@id="results-title"]/h1/span"}
  (Session info: chrome=79.0.3945.130)
For documentation on this error, please visit: http://seleniumhq.org/exceptions/no_such_element.html
Build info: version: '3.14.0', revision: 'aacccce0', time: '2018-08-02T20:19:58.91Z'
System info: host: 'TSPL-DEV209B', ip: '169.254.16.148', os.name: 'Windows 10', os.arch: 'amd64', os.version: '10.0', java.version: '1.8.0_231'
Driver info: org.openqa.selenium.chrome.ChromeDriver
Capabilities {acceptInsecureCerts: false, browserName: chrome, browserVersion: 79.0.3945.130, chrome: {chromedriverVersion: 79.0.3945.36 (3582db32b3389..., userDataDir: C:\Users\t0562\AppData\Loca...}, goog:chromeOptions: {debuggerAddress: localhost:51086}, javascriptEnabled: true, networkConnectionEnabled: false, pageLoadStrategy: normal, platform: WINDOWS, platformName: WINDOWS, proxy: Proxy(), setWindowRect: true, strictFileInteractability: false, timeouts: {implicit: 0, pageLoad: 300000, script: 30000}, unhandledPromptBehavior: dismiss and notify}
Session ID: 609f119de707e254947dfe9d560d213e
*** Element info: {Using=xpath, value=//*[@id="results-title"]/h1/span}
at sun.reflect.NativeConstructorAccessorImpl.newInstance0(Native Method)
at sun.reflect.NativeConstructorAccessorImpl.newInstance(Unknown Source)
at sun.reflect.DelegatingConstructorAccessorImpl.newInstance(Unknown Source)
at java.lang.reflect.Constructor.newInstance(Unknown Source)
at org.openqa.selenium.remote.http.W3CHttpResponseCodec.createException(W3CHttpResponseCodec.java:187)
at org.openqa.selenium.remote.http.W3CHttpResponseCodec.decode(W3CHttpResponseCodec.java:122)
at org.openqa.selenium.remote.http.W3CHttpResponseCodec.decode(W3CHttpResponseCodec.java:49)
at org.openqa.selenium.remote.HttpCommandExecutor.execute(HttpCommandExecutor.java:158)
at org.openqa.selenium.remote.service.DriverCommandExecutor.execute(DriverCommandExecutor.java:83)
at org.openqa.selenium.remote.RemoteWebDriver.execute(RemoteWebDriver.java:548)
at org.openqa.selenium.remote.RemoteWebDriver.findElement(RemoteWebDriver.java:322)
at org.openqa.selenium.remote.RemoteWebDriver.findElementByXPath(RemoteWebDriver.java:424)
at org.openqa.selenium.By$ByXPath.findElement(By.java:353)
at org.openqa.selenium.remote.RemoteWebDriver.findElement(RemoteWebDriver.java:314)
at TestCases.Verify_Button_Presence.Verify_Button_Presence_All(Verify_Button_Presence.java:48)
at sun.reflect.NativeMethodAccessorImpl.invoke0(Native Method)
at sun.reflect.NativeMethodAccessorImpl.invoke(Unknown Source)
at sun.reflect.DelegatingMethodAccessorImpl.invoke(Unknown Source)
at java.lang.reflect.Method.invoke(Unknown Source)
at org.testng.internal.MethodInvocationHelper.invokeMethod(MethodInvocationHelper.java:133)
at org.testng.internal.TestInvoker.invokeMethod(TestInvoker.java:584)
at org.testng.internal.TestInvoker.invokeTestMethod(TestInvoker.java:172)
at org.testng.internal.MethodRunner.runInSequence(MethodRunner.java:46)
at org.testng.internal.TestInvoker$MethodInvocationAgent.invoke(TestInvoker.java:804)
at org.testng.internal.TestInvoker.invokeTestMethods(TestInvoker.java:145)
at org.testng.internal.TestMethodWorker.invokeTestMethods(TestMethodWorker.java:146)
at org.testng.internal.TestMethodWorker.run(TestMethodWorker.java:128)
at java.util.ArrayList.forEach(Unknown Source)
at org.testng.TestRunner.privateRun(TestRunner.java:770)
at org.testng.TestRunner.run(TestRunner.java:591)
at org.testng.SuiteRunner.runTest(SuiteRunner.java:402)
at org.testng.SuiteRunner.runSequentially(SuiteRunner.java:396)
at org.testng.SuiteRunner.privateRun(SuiteRunner.java:355)
at org.testng.SuiteRunner.run(SuiteRunner.java:304)
at org.testng.SuiteRunnerWorker.runSuite(SuiteRunnerWorker.java:53)
at org.testng.SuiteRunnerWorker.run(SuiteRunnerWorker.java:96)
at org.testng.TestNG.runSuitesSequentially(TestNG.java:1180)
at org.testng.TestNG.runSuitesLocally(TestNG.java:1102)
at org.testng.TestNG.runSuites(TestNG.java:1032)
at org.testng.TestNG.run(TestNG.java:1000)
at org.testng.remote.AbstractRemoteTestNG.run(AbstractRemoteTestNG.java:115)
at org.testng.remote.RemoteTestNG.initAndRun(RemoteTestNG.java:251)
at org.testng.remote.RemoteTestNG.main(RemoteTestNG.java:77)
]]>
            </full-stacktrace>
          </exception> <!-- org.openqa.selenium.NoSuchElementException -->
          <reporter-output>
          </reporter-output>
        </test-method> <!-- Verify_Button_Presence_All -->
        <test-method status="PASS" signature="tearDown()[pri:0, instance:TestCases.Verify_Button_Presence@30b8a058]" name="tearDown" is-config="true" duration-ms="785" started-at="2020-01-27T17:34:35 IST" finished-at="2020-01-27T17:34:35 IST">
          <reporter-output>
          </reporter-output>
        </test-method> <!-- tearDown -->
        <test-method status="PASS" signature="InitializeBrowser()[pri:0, instance:TestCases.Verify_Button_Presence@30b8a058]" name="InitializeBrowser" is-config="true" duration-ms="3354" started-at="2020-01-27T17:34:35 IST" finished-at="2020-01-27T17:34:39 IST">
          <reporter-output>
          </reporter-output>
        </test-method> <!-- InitializeBrowser -->
        <test-method status="FAIL" signature="Verify_Button_Presence_All(java.lang.String, java.lang.String, java.lang.String, java.lang.String, java.lang.String, java.lang.String, java.lang.String, java.lang.String, java.lang.String, java.lang.String, java.lang.String, java.lang.String, java.lang.String, java.lang.String, java.lang.String, java.lang.String)[pri:0, instance:TestCases.Verify_Button_Presence@30b8a058]" name="Verify_Button_Presence_All" duration-ms="52194" started-at="2020-01-27T17:34:39 IST" data-provider="ObjectRepository" finished-at="2020-01-27T17:35:31 IST">
          <params>
            <param index="0">
              <value>
                <![CDATA[https://www.findlaytoyotaprescott.com/]]>
              </value>
            </param>
            <param index="1">
              <value>
                <![CDATA[Findlay Toyota Prescott]]>
              </value>
            </param>
            <param index="2">
              <value>
                <![CDATA[/html/body/div[2]/div/div[1]/div[1]/h1/span]]>
              </value>
            </param>
            <param index="3">
              <value>
                <![CDATA[https://www.findlaytoyotaprescott.com/new-inventory/index.htm]]>
              </value>
            </param>
            <param index="4">
              <value>
                <![CDATA[//a[@class='btn btn-grad']]]>
              </value>
            </param>
            <param index="5">
              <value>
                <![CDATA[//*[@id="results-header-pagination"]/div/div/div[2]]]>
              </value>
            </param>
            <param index="6">
              <value>
                <![CDATA[//*[@id="results-header-pagination"]/div/div/div[3]/a]]>
              </value>
            </param>
            <param index="7">
              <value>
                <![CDATA[https://www.findlaytoyotaprescott.com/used-inventory/index.htm]]>
              </value>
            </param>
            <param index="8">
              <value>
                <![CDATA[//span[@class='title-bottom']]]>
              </value>
            </param>
            <param index="9">
              <value>
                <![CDATA[//*[@id="tgbtn"]/a]]>
              </value>
            </param>
            <param index="10">
              <value>
                <![CDATA[//*[@id="price-box"]/div[1]/div[1]/div[1]/span/span[2]]]>
              </value>
            </param>
            <param index="11">
              <value>
                <![CDATA[//*[@id="price-box"]/div[1]/div[1]/div[2]/span[2]]]>
              </value>
            </param>
            <param index="12">
              <value>
                <![CDATA[popupWebdeskingFrame_v_8]]>
              </value>
            </param>
            <param index="13">
              <value>
                <![CDATA[//div[@id='appWrapper']/div/div[3]]]>
              </value>
            </param>
            <param index="14">
              <value>
                <![CDATA[//*[@id="results-title"]/h1/span]]>
              </value>
            </param>
            <param index="15">
              <value>
                <![CDATA[C 6]]>
              </value>
            </param>
          </params>
          <exception class="org.openqa.selenium.TimeoutException">
            <message>
              <![CDATA[Expected condition failed: waiting for visibility of element located by By.xpath: /html/body/div[2]/div/div[1]/div[1]/h1/span (tried for 40 second(s) with 500 milliseconds interval)]]>
            </message>
            <full-stacktrace>
              <![CDATA[org.openqa.selenium.TimeoutException: Expected condition failed: waiting for visibility of element located by By.xpath: /html/body/div[2]/div/div[1]/div[1]/h1/span (tried for 40 second(s) with 500 milliseconds interval)
at org.openqa.selenium.support.ui.WebDriverWait.timeoutException(WebDriverWait.java:113)
at org.openqa.selenium.support.ui.FluentWait.until(FluentWait.java:283)
at TestCases.Verify_Button_Presence.Verify_Button_Presence_All(Verify_Button_Presence.java:31)
at sun.reflect.NativeMethodAccessorImpl.invoke0(Native Method)
at sun.reflect.NativeMethodAccessorImpl.invoke(Unknown Source)
at sun.reflect.DelegatingMethodAccessorImpl.invoke(Unknown Source)
at java.lang.reflect.Method.invoke(Unknown Source)
at org.testng.internal.MethodInvocationHelper.invokeMethod(MethodInvocationHelper.java:133)
at org.testng.internal.TestInvoker.invokeMethod(TestInvoker.java:584)
at org.testng.internal.TestInvoker.invokeTestMethod(TestInvoker.java:172)
at org.testng.internal.MethodRunner.runInSequence(MethodRunner.java:46)
at org.testng.internal.TestInvoker$MethodInvocationAgent.invoke(TestInvoker.java:804)
at org.testng.internal.TestInvoker.invokeTestMethods(TestInvoker.java:145)
at org.testng.internal.TestMethodWorker.invokeTestMethods(TestMethodWorker.java:146)
at org.testng.internal.TestMethodWorker.run(TestMethodWorker.java:128)
at java.util.ArrayList.forEach(Unknown Source)
at org.testng.TestRunner.privateRun(TestRunner.java:770)
at org.testng.TestRunner.run(TestRunner.java:591)
at org.testng.SuiteRunner.runTest(SuiteRunner.java:402)
at org.testng.SuiteRunner.runSequentially(SuiteRunner.java:396)
at org.testng.SuiteRunner.privateRun(SuiteRunner.java:355)
at org.testng.SuiteRunner.run(SuiteRunner.java:304)
at org.testng.SuiteRunnerWorker.runSuite(SuiteRunnerWorker.java:53)
at org.testng.SuiteRunnerWorker.run(SuiteRunnerWorker.java:96)
at org.testng.TestNG.runSuitesSequentially(TestNG.java:1180)
at org.testng.TestNG.runSuitesLocally(TestNG.java:1102)
at org.testng.TestNG.runSuites(TestNG.java:1032)
at org.testng.TestNG.run(TestNG.java:1000)
at org.testng.remote.AbstractRemoteTestNG.run(AbstractRemoteTestNG.java:115)
at org.testng.remote.RemoteTestNG.initAndRun(RemoteTestNG.java:251)
at org.testng.remote.RemoteTestNG.main(RemoteTestNG.java:77)
Caused by: org.openqa.selenium.NoSuchElementException: Cannot locate an element using By.xpath: /html/body/div[2]/div/div[1]/div[1]/h1/span
For documentation on this error, please visit: http://seleniumhq.org/exceptions/no_such_element.html
Build info: version: '3.14.0', revision: 'aacccce0', time: '2018-08-02T20:19:58.91Z'
System info: host: 'TSPL-DEV209B', ip: '169.254.16.148', os.name: 'Windows 10', os.arch: 'amd64', os.version: '10.0', java.version: '1.8.0_231'
Driver info: driver.version: unknown
at org.openqa.selenium.support.ui.ExpectedConditions.lambda$findElement$0(ExpectedConditions.java:896)
at java.util.Optional.orElseThrow(Unknown Source)
at org.openqa.selenium.support.ui.ExpectedConditions.findElement(ExpectedConditions.java:895)
at org.openqa.selenium.support.ui.ExpectedConditions.access$000(ExpectedConditions.java:44)
at org.openqa.selenium.support.ui.ExpectedConditions$7.apply(ExpectedConditions.java:206)
at org.openqa.selenium.support.ui.ExpectedConditions$7.apply(ExpectedConditions.java:202)
at org.openqa.selenium.support.ui.FluentWait.until(FluentWait.java:260)
... 29 more
]]>
            </full-stacktrace>
          </exception> <!-- org.openqa.selenium.TimeoutException -->
          <reporter-output>
          </reporter-output>
        </test-method> <!-- Verify_Button_Presence_All -->
        <test-method status="PASS" signature="tearDown()[pri:0, instance:TestCases.Verify_Button_Presence@30b8a058]" name="tearDown" is-config="true" duration-ms="699" started-at="2020-01-27T17:35:31 IST" finished-at="2020-01-27T17:35:32 IST">
          <reporter-output>
          </reporter-output>
        </test-method> <!-- tearDown -->
        <test-method status="PASS" signature="InitializeBrowser()[pri:0, instance:TestCases.Verify_Button_Presence@30b8a058]" name="InitializeBrowser" is-config="true" duration-ms="3439" started-at="2020-01-27T17:35:32 IST" finished-at="2020-01-27T17:35:35 IST">
          <reporter-output>
          </reporter-output>
        </test-method> <!-- InitializeBrowser -->
        <test-method status="FAIL" signature="Verify_Button_Presence_All(java.lang.String, java.lang.String, java.lang.String, java.lang.String, java.lang.String, java.lang.String, java.lang.String, java.lang.String, java.lang.String, java.lang.String, java.lang.String, java.lang.String, java.lang.String, java.lang.String, java.lang.String, java.lang.String)[pri:0, instance:TestCases.Verify_Button_Presence@30b8a058]" name="Verify_Button_Presence_All" duration-ms="52562" started-at="2020-01-27T17:35:35 IST" data-provider="ObjectRepository" finished-at="2020-01-27T17:36:28 IST">
          <params>
            <param index="0">
              <value>
                <![CDATA[https://www.landroverschaumburg.com/]]>
              </value>
            </param>
            <param index="1">
              <value>
                <![CDATA[LAND ROVER SCHAUMBURG]]>
              </value>
            </param>
            <param index="2">
              <value>
                <![CDATA[/html/body/div[2]/div/div[1]/div[1]/h1/span]]>
              </value>
            </param>
            <param index="3">
              <value>
                <![CDATA[https://www.landroverschaumburg.com/new-inventory/index.htm]]>
              </value>
            </param>
            <param index="4">
              <value>
                <![CDATA[//*[@id="tgbtn"]/a]]>
              </value>
            </param>
            <param index="5">
              <value>
                <![CDATA[//*[@id="results-header-pagination"]/div/div/div[2]]]>
              </value>
            </param>
            <param index="6">
              <value>
                <![CDATA[//*[@id="results-header-pagination"]/div/div/div[3]/a]]>
              </value>
            </param>
            <param index="7">
              <value>
                <![CDATA[https://www.landroverschaumburg.com/used-inventory/index.htm]]>
              </value>
            </param>
            <param index="8">
              <value>
                <![CDATA[//span[@class='title-bottom']]]>
              </value>
            </param>
            <param index="9">
              <value>
                <![CDATA[//*[@id="tgbtn"]/a]]>
              </value>
            </param>
            <param index="10">
              <value>
                <![CDATA[//*[@id="price-box"]/div[1]/div[1]/div[1]/span/span[2]]]>
              </value>
            </param>
            <param index="11">
              <value>
                <![CDATA[//*[@id="price-box"]/div[1]/div[1]/div[2]/span[2]]]>
              </value>
            </param>
            <param index="12">
              <value>
                <![CDATA[popupWebdeskingFrame_v_9]]>
              </value>
            </param>
            <param index="13">
              <value>
                <![CDATA[//div[@id='appWrapper']/div/div[3]]]>
              </value>
            </param>
            <param index="14">
              <value>
                <![CDATA[//*[@id="results-title"]/h1/span]]>
              </value>
            </param>
            <param index="15">
              <value>
                <![CDATA[C 7]]>
              </value>
            </param>
          </params>
          <exception class="org.openqa.selenium.TimeoutException">
            <message>
              <![CDATA[Expected condition failed: waiting for visibility of element located by By.xpath: /html/body/div[2]/div/div[1]/div[1]/h1/span (tried for 40 second(s) with 500 milliseconds interval)]]>
            </message>
            <full-stacktrace>
              <![CDATA[org.openqa.selenium.TimeoutException: Expected condition failed: waiting for visibility of element located by By.xpath: /html/body/div[2]/div/div[1]/div[1]/h1/span (tried for 40 second(s) with 500 milliseconds interval)
at org.openqa.selenium.support.ui.WebDriverWait.timeoutException(WebDriverWait.java:113)
at org.openqa.selenium.support.ui.FluentWait.until(FluentWait.java:283)
at TestCases.Verify_Button_Presence.Verify_Button_Presence_All(Verify_Button_Presence.java:31)
at sun.reflect.NativeMethodAccessorImpl.invoke0(Native Method)
at sun.reflect.NativeMethodAccessorImpl.invoke(Unknown Source)
at sun.reflect.DelegatingMethodAccessorImpl.invoke(Unknown Source)
at java.lang.reflect.Method.invoke(Unknown Source)
at org.testng.internal.MethodInvocationHelper.invokeMethod(MethodInvocationHelper.java:133)
at org.testng.internal.TestInvoker.invokeMethod(TestInvoker.java:584)
at org.testng.internal.TestInvoker.invokeTestMethod(TestInvoker.java:172)
at org.testng.internal.MethodRunner.runInSequence(MethodRunner.java:46)
at org.testng.internal.TestInvoker$MethodInvocationAgent.invoke(TestInvoker.java:804)
at org.testng.internal.TestInvoker.invokeTestMethods(TestInvoker.java:145)
at org.testng.internal.TestMethodWorker.invokeTestMethods(TestMethodWorker.java:146)
at org.testng.internal.TestMethodWorker.run(TestMethodWorker.java:128)
at java.util.ArrayList.forEach(Unknown Source)
at org.testng.TestRunner.privateRun(TestRunner.java:770)
at org.testng.TestRunner.run(TestRunner.java:591)
at org.testng.SuiteRunner.runTest(SuiteRunner.java:402)
at org.testng.SuiteRunner.runSequentially(SuiteRunner.java:396)
at org.testng.SuiteRunner.privateRun(SuiteRunner.java:355)
at org.testng.SuiteRunner.run(SuiteRunner.java:304)
at org.testng.SuiteRunnerWorker.runSuite(SuiteRunnerWorker.java:53)
at org.testng.SuiteRunnerWorker.run(SuiteRunnerWorker.java:96)
at org.testng.TestNG.runSuitesSequentially(TestNG.java:1180)
at org.testng.TestNG.runSuitesLocally(TestNG.java:1102)
at org.testng.TestNG.runSuites(TestNG.java:1032)
at org.testng.TestNG.run(TestNG.java:1000)
at org.testng.remote.AbstractRemoteTestNG.run(AbstractRemoteTestNG.java:115)
at org.testng.remote.RemoteTestNG.initAndRun(RemoteTestNG.java:251)
at org.testng.remote.RemoteTestNG.main(RemoteTestNG.java:77)
Caused by: org.openqa.selenium.NoSuchElementException: Cannot locate an element using By.xpath: /html/body/div[2]/div/div[1]/div[1]/h1/span
For documentation on this error, please visit: http://seleniumhq.org/exceptions/no_such_element.html
Build info: version: '3.14.0', revision: 'aacccce0', time: '2018-08-02T20:19:58.91Z'
System info: host: 'TSPL-DEV209B', ip: '169.254.16.148', os.name: 'Windows 10', os.arch: 'amd64', os.version: '10.0', java.version: '1.8.0_231'
Driver info: driver.version: unknown
at org.openqa.selenium.support.ui.ExpectedConditions.lambda$findElement$0(ExpectedConditions.java:896)
at java.util.Optional.orElseThrow(Unknown Source)
at org.openqa.selenium.support.ui.ExpectedConditions.findElement(ExpectedConditions.java:895)
at org.openqa.selenium.support.ui.ExpectedConditions.access$000(ExpectedConditions.java:44)
at org.openqa.selenium.support.ui.ExpectedConditions$7.apply(ExpectedConditions.java:206)
at org.openqa.selenium.support.ui.ExpectedConditions$7.apply(ExpectedConditions.java:202)
at org.openqa.selenium.support.ui.FluentWait.until(FluentWait.java:260)
... 29 more
]]>
            </full-stacktrace>
          </exception> <!-- org.openqa.selenium.TimeoutException -->
          <reporter-output>
          </reporter-output>
        </test-method> <!-- Verify_Button_Presence_All -->
        <test-method status="PASS" signature="tearDown()[pri:0, instance:TestCases.Verify_Button_Presence@30b8a058]" name="tearDown" is-config="true" duration-ms="673" started-at="2020-01-27T17:36:28 IST" finished-at="2020-01-27T17:36:28 IST">
          <reporter-output>
          </reporter-output>
        </test-method> <!-- tearDown -->
        <test-method status="PASS" signature="InitializeBrowser()[pri:0, instance:TestCases.Verify_Button_Presence@30b8a058]" name="InitializeBrowser" is-config="true" duration-ms="3351" started-at="2020-01-27T17:36:28 IST" finished-at="2020-01-27T17:36:32 IST">
          <reporter-output>
          </reporter-output>
        </test-method> <!-- InitializeBrowser -->
        <test-method status="FAIL" signature="Verify_Button_Presence_All(java.lang.String, java.lang.String, java.lang.String, java.lang.String, java.lang.String, java.lang.String, java.lang.String, java.lang.String, java.lang.String, java.lang.String, java.lang.String, java.lang.String, java.lang.String, java.lang.String, java.lang.String, java.lang.String)[pri:0, instance:TestCases.Verify_Button_Presence@30b8a058]" name="Verify_Button_Presence_All" duration-ms="52697" started-at="2020-01-27T17:36:32 IST" data-provider="ObjectRepository" finished-at="2020-01-27T17:37:24 IST">
          <params>
            <param index="0">
              <value>
                <![CDATA[https://www.jaguarschaumburg.com/]]>
              </value>
            </param>
            <param index="1">
              <value>
                <![CDATA[JAGUAR SCHAUMBURG]]>
              </value>
            </param>
            <param index="2">
              <value>
                <![CDATA[//span[@class='org']]]>
              </value>
            </param>
            <param index="3">
              <value>
                <![CDATA[https://www.jaguarschaumburg.com/new-inventory/index.htm]]>
              </value>
            </param>
            <param index="4">
              <value>
                <![CDATA[//*[@id="tgbtn"]/a]]>
              </value>
            </param>
            <param index="5">
              <value>
                <![CDATA[//*[@id="results-header-pagination"]/div/div/div[2]]]>
              </value>
            </param>
            <param index="6">
              <value>
                <![CDATA[//*[@id="results-header-pagination"]/div/div/div[3]/a]]>
              </value>
            </param>
            <param index="7">
              <value>
                <![CDATA[https://www.jaguarschaumburg.com/used-inventory/index.htm]]>
              </value>
            </param>
            <param index="8">
              <value>
                <![CDATA[//span[@class='title-bottom']]]>
              </value>
            </param>
            <param index="9">
              <value>
                <![CDATA[//*[@id="tgbtn"]/a]]>
              </value>
            </param>
            <param index="10">
              <value>
                <![CDATA[//*[@id="price-box"]/div[1]/div[1]/div[1]/span/span[2]]]>
              </value>
            </param>
            <param index="11">
              <value>
                <![CDATA[//*[@id="price-box"]/div[1]/div[1]/div[2]/span[2]]]>
              </value>
            </param>
            <param index="12">
              <value>
                <![CDATA[popupWebdeskingFrame_v_10]]>
              </value>
            </param>
            <param index="13">
              <value>
                <![CDATA[//div[@id='appWrapper']/div/div[3]]]>
              </value>
            </param>
            <param index="14">
              <value>
                <![CDATA[//*[@id="results-title"]/h1/span]]>
              </value>
            </param>
            <param index="15">
              <value>
                <![CDATA[C 8]]>
              </value>
            </param>
          </params>
          <exception class="org.openqa.selenium.TimeoutException">
            <message>
              <![CDATA[Expected condition failed: waiting for visibility of element located by By.xpath: //span[@class='org'] (tried for 40 second(s) with 500 milliseconds interval)]]>
            </message>
            <full-stacktrace>
              <![CDATA[org.openqa.selenium.TimeoutException: Expected condition failed: waiting for visibility of element located by By.xpath: //span[@class='org'] (tried for 40 second(s) with 500 milliseconds interval)
at org.openqa.selenium.support.ui.WebDriverWait.timeoutException(WebDriverWait.java:113)
at org.openqa.selenium.support.ui.FluentWait.until(FluentWait.java:283)
at TestCases.Verify_Button_Presence.Verify_Button_Presence_All(Verify_Button_Presence.java:31)
at sun.reflect.NativeMethodAccessorImpl.invoke0(Native Method)
at sun.reflect.NativeMethodAccessorImpl.invoke(Unknown Source)
at sun.reflect.DelegatingMethodAccessorImpl.invoke(Unknown Source)
at java.lang.reflect.Method.invoke(Unknown Source)
at org.testng.internal.MethodInvocationHelper.invokeMethod(MethodInvocationHelper.java:133)
at org.testng.internal.TestInvoker.invokeMethod(TestInvoker.java:584)
at org.testng.internal.TestInvoker.invokeTestMethod(TestInvoker.java:172)
at org.testng.internal.MethodRunner.runInSequence(MethodRunner.java:46)
at org.testng.internal.TestInvoker$MethodInvocationAgent.invoke(TestInvoker.java:804)
at org.testng.internal.TestInvoker.invokeTestMethods(TestInvoker.java:145)
at org.testng.internal.TestMethodWorker.invokeTestMethods(TestMethodWorker.java:146)
at org.testng.internal.TestMethodWorker.run(TestMethodWorker.java:128)
at java.util.ArrayList.forEach(Unknown Source)
at org.testng.TestRunner.privateRun(TestRunner.java:770)
at org.testng.TestRunner.run(TestRunner.java:591)
at org.testng.SuiteRunner.runTest(SuiteRunner.java:402)
at org.testng.SuiteRunner.runSequentially(SuiteRunner.java:396)
at org.testng.SuiteRunner.privateRun(SuiteRunner.java:355)
at org.testng.SuiteRunner.run(SuiteRunner.java:304)
at org.testng.SuiteRunnerWorker.runSuite(SuiteRunnerWorker.java:53)
at org.testng.SuiteRunnerWorker.run(SuiteRunnerWorker.java:96)
at org.testng.TestNG.runSuitesSequentially(TestNG.java:1180)
at org.testng.TestNG.runSuitesLocally(TestNG.java:1102)
at org.testng.TestNG.runSuites(TestNG.java:1032)
at org.testng.TestNG.run(TestNG.java:1000)
at org.testng.remote.AbstractRemoteTestNG.run(AbstractRemoteTestNG.java:115)
at org.testng.remote.RemoteTestNG.initAndRun(RemoteTestNG.java:251)
at org.testng.remote.RemoteTestNG.main(RemoteTestNG.java:77)
Caused by: org.openqa.selenium.NoSuchElementException: Cannot locate an element using By.xpath: //span[@class='org']
For documentation on this error, please visit: http://seleniumhq.org/exceptions/no_such_element.html
Build info: version: '3.14.0', revision: 'aacccce0', time: '2018-08-02T20:19:58.91Z'
System info: host: 'TSPL-DEV209B', ip: '169.254.16.148', os.name: 'Windows 10', os.arch: 'amd64', os.version: '10.0', java.version: '1.8.0_231'
Driver info: driver.version: unknown
at org.openqa.selenium.support.ui.ExpectedConditions.lambda$findElement$0(ExpectedConditions.java:896)
at java.util.Optional.orElseThrow(Unknown Source)
at org.openqa.selenium.support.ui.ExpectedConditions.findElement(ExpectedConditions.java:895)
at org.openqa.selenium.support.ui.ExpectedConditions.access$000(ExpectedConditions.java:44)
at org.openqa.selenium.support.ui.ExpectedConditions$7.apply(ExpectedConditions.java:206)
at org.openqa.selenium.support.ui.ExpectedConditions$7.apply(ExpectedConditions.java:202)
at org.openqa.selenium.support.ui.FluentWait.until(FluentWait.java:260)
... 29 more
]]>
            </full-stacktrace>
          </exception> <!-- org.openqa.selenium.TimeoutException -->
          <reporter-output>
          </reporter-output>
        </test-method> <!-- Verify_Button_Presence_All -->
        <test-method status="PASS" signature="tearDown()[pri:0, instance:TestCases.Verify_Button_Presence@30b8a058]" name="tearDown" is-config="true" duration-ms="696" started-at="2020-01-27T17:37:24 IST" finished-at="2020-01-27T17:37:25 IST">
          <reporter-output>
          </reporter-output>
        </test-method> <!-- tearDown -->
      </class> <!-- TestCases.Verify_Button_Presence -->
    </test> <!-- Default test -->
  </suite> <!-- Default suite -->
</testng-results>
